GET /favicon.ico 404 150 - 2.298 ms
POST /user/register 401 45 - 20.249 ms
POST /user/register 401 45 - 3.246 ms
POST /user/register 401 45 - 3.772 ms
POST /user/register 201 197 - 118.727 ms
GET /getALLUsers 201 9 - 26.571 ms
GET /getALLUsers 201 170 - 27.494 ms
GET /id/1 404 143 - 3.148 ms
GET /iemail/dor259dor@gmail.om 404 164 - 2.202 ms
POST /logIn 200 197 - 194.829 ms
GET /User 401 13 - 2.545 ms
GET /User 401 13 - 1.385 ms
GET /User 401 13 - 5.166 ms
GET /User 401 13 - 2.755 ms
POST /logIn 200 197 - 228.574 ms
GET /User 401 13 - 1.698 ms
POST /logIn 200 197 - 110.946 ms
GET /user 401 13 - 1.988 ms
GET /user 401 13 - 1.433 ms
GET /user 401 13 - 2.137 ms
GET /user 401 13 - 7.223 ms
GET /user 401 13 - 1.840 ms
GET /user 401 13 - 1.839 ms
GET /user 401 13 - 1.490 ms
GET /user 401 13 - 6.934 ms
POST /login 200 197 - 123.534 ms
GET /user 401 13 - 1.996 ms
GET /user 401 13 - 1.700 ms
GET /user 401 13 - 2.976 ms
GET /user 401 13 - 1.121 ms
POST /login 200 197 - 123.545 ms
GET /user 401 13 - 3.536 ms
POST /login 400 21 - 1.149 ms
POST /login 200 197 - 139.092 ms
POST / 404 140 - 2.312 ms
GET / 200 2 - 21.876 ms
GET / 304 - - 5.831 ms
GET /user/register 404 152 - 6.272 ms
GET /user/register 404 152 - 3.159 ms
GET /card 200 2 - 18.208 ms
GET /card 404 143 - 2.469 ms
GET /card 200 49 - 20.026 ms
GET / 200 49 - 31.907 ms
GET /628b744efbfc6ba1667127ba 404 225 - 18.582 ms
GET /:628b744efbfc6ba1667127ba 404 225 - 1.715 ms
GET /628b744efbfc6ba1667127ba 404 163 - 6.244 ms
GET /card/628b744efbfc6ba1667127ba 404 225 - 21.420 ms
GET /card/628b744efbfc6ba1667127ba 404 320 - 21.035 ms
GET /card/628b744efbfc6ba1667127ba 404 320 - 12.158 ms
GET /card/628b744efbfc6ba1667127ba 404 320 - 25.273 ms
GET / 200 100 - 22.582 ms
GET /card/628b744efbfc6ba1667127ba 404 320 - 3.111 ms
GET /card/628b744efbfc6ba1667127ba 404 225 - 128849.402 ms
GET /card/628b744efbfc6ba1667127ba 404 257 - 81488.729 ms
GET /card/:id/628b744efbfc6ba1667127ba 404 172 - 8.357 ms
GET /card/:id/628b744efbfc6ba1667127ba 404 172 - 6.621 ms
GET /card/:id/628b744efbfc6ba1667127ba 404 172 - 2.072 ms
GET /card/628b744efbfc6ba1667127ba 404 346 - 42126.569 ms
GET /card/628b744efbfc6ba1667127ba 404 346 - 22291.012 ms
GET /card/628b744efbfc6ba1667127ba 404 346 - 25084.886 ms
GET /card/628b744efbfc6ba1667127ba 404 320 - 11.721 ms
GET /card/628b744efbfc6ba1667127ba 200 50 - 19474.530 ms
GET /card/628b744efbfc6ba1667127ba 304 - - 18977.571 ms
GET /628b744efbfc6ba1667127ba 200 50 - 26.856 ms
GET /628b729bfbfc6ba1667127b9 200 47 - 9.021 ms
POST /login 200 197 - 120.342 ms
GET /user 401 13 - 3.323 ms
GET /user 401 13 - 1.869 ms
POST /ser/register%22 404 155 - 4.061 ms
POST /user/register%22 404 156 - 1.299 ms
POST /user/register%22 404 156 - 0.526 ms
POST /user/register 401 45 - 21.233 ms
POST /user/register 201 196 - 118.524 ms
POST /login 200 197 - 130.650 ms
GET /user 401 13 - 2.838 ms
GET /user 401 13 - 3.259 ms
POST /login 200 197 - 131.419 ms
GET /user 401 13 - 1.540 ms
GET / 304 - - 8.987 ms
GET /user 401 13 - 1.595 ms
POST /login 200 197 - 147.142 ms
GET /user 401 13 - 4.337 ms
GET /user 401 13 - 1.981 ms
GET /user 401 13 - 1.558 ms
GET /user 200 5 - 5.166 ms
GET /user 200 5 - 3.550 ms
GET /user 200 5 - 2.325 ms
GET /user 200 5 - 3.213 ms
GET /user 200 5 - 8.679 ms
POST /login 200 197 - 161.207 ms
GET /user 200 5 - 6.073 ms
GET / 304 - - 11.492 ms
GET /user 403 38 - 0.604 ms
GET /user 403 38 - 0.514 ms
POST /login 200 197 - 127.725 ms
GET /user 200 5 - 2.991 ms
GET /user 200 5 - 13.081 ms
GET /user 200 5 - 2.434 ms
POST /login 200 197 - 202.459 ms
GET /user 200 24 - 7.704 ms
GET /user 200 24 - 4.774 ms
GET /user 404 233 - 15.184 ms
POST /login 200 197 - 167.469 ms
GET /user 404 233 - 2.029 ms
GET /user 404 233 - 1.265 ms
GET /user 404 233 - 1.444 ms
GET /user 404 233 - 1.704 ms
POST /login 200 197 - 142.604 ms
GET /user 404 233 - 1.939 ms
GET /user 404 233 - 1.573 ms
GET /user 404 233 - 1.563 ms
POST /login 200 197 - 183.884 ms
GET /user 404 233 - 4.930 ms
GET /user 404 233 - 1.188 ms
GET /user 404 233 - 3.335 ms
GET /user 404 233 - 1.019 ms
GET /user 404 233 - 1.696 ms
GET /user 404 233 - 1.174 ms
GET /user 404 233 - 1.121 ms
POST /login 200 197 - 193.630 ms
GET /user 404 233 - 7.634 ms
GET /user 404 233 - 2.575 ms
POST /login 200 197 - 132.626 ms
GET /user 404 233 - 2.025 ms
POST /user 404 144 - 3.729 ms
GET /user 404 233 - 3.401 ms
GET /user 404 233 - 0.826 ms
GET /user 404 233 - 4.325 ms
GET /user 404 233 - 2.432 ms
GET /user 404 233 - 2.460 ms
GET /userrr 404 239 - 1.157 ms
GET /userrr 404 239 - 2.591 ms
GET /userrr 404 239 - 1.085 ms
GET /userrr 404 239 - 1.425 ms
GET /userrr 404 239 - 1.530 ms
GET /userrr 404 239 - 1.662 ms
GET /dor 404 230 - 15.374 ms
GET /dor 404 230 - 2.515 ms
GET /dor 404 230 - 1.888 ms
GET /dor 404 230 - 1.374 ms
GET /dor 404 230 - 1.775 ms
GET /dor 404 230 - 1.129 ms
GET /dor 200 11 - 5.981 ms
GET /dor 200 11 - 0.802 ms
GET /dor 200 11 - 0.872 ms
GET /dor 200 11 - 0.505 ms
GET /dor 200 11 - 0.521 ms
GET /dor 200 11 - 0.475 ms
GET /dor 404 257 - 23.031 ms
GET /dor 404 257 - 2.250 ms
GET /dor 404 257 - 1.105 ms
GET /dor 404 257 - 20.917 ms
GET /dor 404 257 - 17.654 ms
GET /dor 404 257 - 1.995 ms
GET /dor 404 257 - 2.134 ms
GET /dor 404 257 - 1.706 ms
POST /login 400 21 - 1.602 ms
GET /dor 404 257 - 1.910 ms
GET /dor 404 257 - 4.986 ms
GET /dor 403 38 - 6.229 ms
POST /login 400 21 - 1.159 ms
POST /login 200 197 - 185.516 ms
GET /dor 200 167 - 13.206 ms
GET /dor 401 13 - 2.431 ms
GET /dor 200 167 - 9.974 ms
GET /dor 403 38 - 0.977 ms
GET /dor 403 38 - 0.462 ms
GET /dor 401 13 - 4.488 ms
GET /dor 200 167 - 15.746 ms
GET /all/dor 401 13 - 10.149 ms
POST /login 200 197 - 121.991 ms
GET /all/dor 401 13 - 7.759 ms
GET /all/dor 401 13 - 1.982 ms
GET /all/dor 401 13 - 2.233 ms
GET /all/dor 200 167 - 7.236 ms
GET /token 200 167 - 41.568 ms
GET /token 404 263 - 12.478 ms
POST /login 200 197 - 200.137 ms
GET /token 404 263 - 2.251 ms
POST /login 200 197 - 180.893 ms
GET /token 200 167 - 19.357 ms
POST /login 200 197 - 181.330 ms
GET /card 500 1922 - 4.475 ms
GET /card/ 500 1922 - 1.998 ms
GET /card 200 2 - 68.122 ms
GET /card/ 200 2 - 29.717 ms
GET /user/register 404 152 - 46.615 ms
POST /user/register 401 45 - 36.238 ms
POST /user/register 401 45 - 38.351 ms
POST /user/register 401 45 - 67.450 ms
POST /user/register 401 45 - 8.541 ms
POST /user/register 401 45 - 8.764 ms
POST /user/register 401 45 - 63.394 ms
POST /user/register 201 279 - 191.056 ms
POST /user/register 401 45 - 66.564 ms
POST /user/register 201 308 - 158.294 ms
POST /user/login 200 197 - 178.047 ms
GET /user/getUserById 200 261 - 29.285 ms
GET /user/getAllUsers 201 543 - 25.699 ms
POST /card/addCard 401 38 - 17.563 ms
POST /user/login 200 197 - 152.112 ms
POST /card/addCard 200 6 - 3.432 ms
POST /user/login 200 197 - 176.265 ms
POST /card/addCard 404 2 - 22.074 ms
POST /card/addCard 404 2 - 22.570 ms
POST /card/addCard 404 2 - 14.946 ms
POST /card/addCard 404 2 - 13.579 ms
POST /card/addCard 401 13 - 25.740 ms
POST /user/login 200 197 - 167.636 ms
POST /card/addCard 200 261 - 60.432 ms
POST /user/login 200 197 - 152.669 ms
POST /card/addCard 404 2 - 14.663 ms
POST /card/addCard 200 26 - 80.809 ms
POST /user/login 400 62 - 7.011 ms
POST /user/login 400 62 - 5.340 ms
POST /user/register 201 292 - 123.665 ms
POST /user/login 200 197 - 119.335 ms
POST /card/addCard 200 26 - 12.177 ms
POST /card/addCard 200 26 - 106.218 ms
GET /card 200 205 - 22.595 ms
GET /card/cardsbyid/628d098526633973c7744998%0A 404 328 - 14.323 ms
GET /card/cardsbyid/628d098526633973c7744998%0A 404 301 - 12.910 ms
GET /card/cardsbyid/628d098526633973c7744998%0A 404 301 - 11.257 ms
GET /card/cardsbyid/628d098526633973c7744998%0A 404 301 - 29.998 ms
GET /card/cardsbyid/id%0A 404 159 - 126.821 ms
GET /card/cardsbyid/628d0a3a26633973c77449a0 404 320 - 17414.532 ms
GET /card/cardsbyid/628d0a3a26633973c77449a0 200 67 - 43.794 ms
GET /card/getCardsFromUser 401 38 - 8.524 ms
POST /user/login 200 197 - 147.845 ms
GET /card/getCardsFromUser 200 64 - 9.818 ms
POST /user/register 201 292 - 172.514 ms
POST /user/login 200 197 - 149.022 ms
POST /card/addCard 401 13 - 3.801 ms
POST /user/login 200 197 - 121.212 ms
POST /card/addCard 200 26 - 35.375 ms
POST /card/addCard 200 14 - 25.204 ms
POST /user/register 201 287 - 142.434 ms
POST /user/login 200 198 - 128.363 ms
POST /card/addCard 404 22 - 106.802 ms
POST /card/addCard 401 13 - 34.405 ms
POST /user/login 200 198 - 130.825 ms
POST /card/addCard 404 29 - 23.247 ms
POST /card/addCard 404 27 - 57.042 ms
POST /card/addCard 404 54 - 71.123 ms
POST /card/addCard 401 13 - 36.961 ms
POST /user/login 200 198 - 129.016 ms
POST /card/addCard 404 29 - 31.907 ms
POST /user/login 200 197 - 110.552 ms
POST /card/addCard 200 14 - 40.891 ms
POST /card/addCard 200 17 - 28.636 ms
POST /user/login 200 197 - 129.996 ms
GET /card/getCardsFromUser 200 211 - 17.654 ms
GET /user/register 404 152 - 7.330 ms
GET /user/register 404 152 - 23.271 ms
POST /user/register 201 302 - 142.622 ms
GET /user/login 404 149 - 3.329 ms
POST /user/login 200 197 - 162.453 ms
GET /user/getUserById 200 273 - 11.423 ms
GET /user/getAllUsers 201 275 - 9.146 ms
GET /card/addCard 404 151 - 1.514 ms
POST /card/addCard 401 38 - 1.091 ms
POST /user/login 200 197 - 101.467 ms
POST /card/addCard 200 19 - 192.843 ms
POST /card/addCard 200 26 - 16.505 ms
POST /card 404 144 - 2.612 ms
GET /card 200 130 - 11.983 ms
GET /card 200 130 - 4.710 ms
GET /card/cardsbyid/628de1201a6abb29f61f97c6 200 60 - 5.593 ms
POST /user/login 200 197 - 115.726 ms
GET /card/getCardsFromUser 200 152 - 8.992 ms
