GET /favicon.ico 404 150 - 2.298 ms
POST /user/register 401 45 - 20.249 ms
POST /user/register 401 45 - 3.246 ms
POST /user/register 401 45 - 3.772 ms
POST /user/register 201 197 - 118.727 ms
GET /getALLUsers 201 9 - 26.571 ms
GET /getALLUsers 201 170 - 27.494 ms
GET /id/1 404 143 - 3.148 ms
GET /iemail/dor259dor@gmail.om 404 164 - 2.202 ms
POST /logIn 200 197 - 194.829 ms
GET /User 401 13 - 2.545 ms
GET /User 401 13 - 1.385 ms
GET /User 401 13 - 5.166 ms
GET /User 401 13 - 2.755 ms
POST /logIn 200 197 - 228.574 ms
GET /User 401 13 - 1.698 ms
POST /logIn 200 197 - 110.946 ms
GET /user 401 13 - 1.988 ms
GET /user 401 13 - 1.433 ms
GET /user 401 13 - 2.137 ms
GET /user 401 13 - 7.223 ms
GET /user 401 13 - 1.840 ms
GET /user 401 13 - 1.839 ms
GET /user 401 13 - 1.490 ms
GET /user 401 13 - 6.934 ms
POST /login 200 197 - 123.534 ms
GET /user 401 13 - 1.996 ms
GET /user 401 13 - 1.700 ms
GET /user 401 13 - 2.976 ms
GET /user 401 13 - 1.121 ms
POST /login 200 197 - 123.545 ms
GET /user 401 13 - 3.536 ms
POST /login 400 21 - 1.149 ms
POST /login 200 197 - 139.092 ms
POST / 404 140 - 2.312 ms
GET / 200 2 - 21.876 ms
GET / 304 - - 5.831 ms
GET /user/register 404 152 - 6.272 ms
GET /user/register 404 152 - 3.159 ms
GET /card 200 2 - 18.208 ms
GET /card 404 143 - 2.469 ms
GET /card 200 49 - 20.026 ms
GET / 200 49 - 31.907 ms
GET /628b744efbfc6ba1667127ba 404 225 - 18.582 ms
GET /:628b744efbfc6ba1667127ba 404 225 - 1.715 ms
GET /628b744efbfc6ba1667127ba 404 163 - 6.244 ms
GET /card/628b744efbfc6ba1667127ba 404 225 - 21.420 ms
GET /card/628b744efbfc6ba1667127ba 404 320 - 21.035 ms
GET /card/628b744efbfc6ba1667127ba 404 320 - 12.158 ms
GET /card/628b744efbfc6ba1667127ba 404 320 - 25.273 ms
GET / 200 100 - 22.582 ms
GET /card/628b744efbfc6ba1667127ba 404 320 - 3.111 ms
GET /card/628b744efbfc6ba1667127ba 404 225 - 128849.402 ms
GET /card/628b744efbfc6ba1667127ba 404 257 - 81488.729 ms
GET /card/:id/628b744efbfc6ba1667127ba 404 172 - 8.357 ms
GET /card/:id/628b744efbfc6ba1667127ba 404 172 - 6.621 ms
GET /card/:id/628b744efbfc6ba1667127ba 404 172 - 2.072 ms
GET /card/628b744efbfc6ba1667127ba 404 346 - 42126.569 ms
GET /card/628b744efbfc6ba1667127ba 404 346 - 22291.012 ms
GET /card/628b744efbfc6ba1667127ba 404 346 - 25084.886 ms
GET /card/628b744efbfc6ba1667127ba 404 320 - 11.721 ms
GET /card/628b744efbfc6ba1667127ba 200 50 - 19474.530 ms
GET /card/628b744efbfc6ba1667127ba 304 - - 18977.571 ms
